<?xml version="1.0" encoding="UTF-8"?>
<!-- Generated by org.testng.reporters.JUnitReportReporter -->
<testsuite hostname="DESKTOP-MOTNN2M" failures="0" tests="1" name="FlipkartAddToCart" time="31.869" errors="0" timestamp="2022-09-19T10:13:02 IST" skipped="0">
  <testcase classname="FlipkartAddToCart" name="flipkartAddToCart" time="31.869"/>
  <system-out/>
</testsuite> <!-- FlipkartAddToCart -->
