<?xml version="1.0" encoding="UTF-8"?>
<!-- Generated by org.testng.reporters.JUnitReportReporter -->
<testsuite hostname="DESKTOP-MOTNN2M" failures="0" tests="1" name="com.flipcart.addToCart.FlipkartAddToCart" time="35.981" errors="0" timestamp="2022-09-30T14:18:02 IST" skipped="0">
  <testcase classname="com.flipcart.addToCart.FlipkartAddToCart" name="flipkartAddToCart" time="35.981"/>
  <system-out>
    <![CDATA[Search Product Name is :Winter Heater
ProductName is:WunderVoX 3D Flame Styling Wall Mounted Heater Winter Warmer Room Heater Electric-X37 3D Flame Styling Wall Mounted Heater Winter Warmer Room Heater Electric Fan Room Heater
Cart Product Name is:WunderVoX 3D Flame Styling Wall Mounted Heater Winter Warmer Room Heater Electric-X37 3D Flame Styling Wall Mounted Heater Winter Warmer Room Heater Electric Fan Room Heater]]>
  </system-out>
</testsuite> <!-- com.flipcart.addToCart.FlipkartAddToCart -->
